2023-03-21 19:14:44,003 [REQ-UNQ-ID:] INFO com.lhu.loggenerate.LogGenerateApplication [main] Starting LogGenerateApplication using Java 11.0.13 on Lahiru-Priyankara with PID 5392 (E:\My\MyProject\log-generate\log-generate\target\classes started by LahiruPriyankara in E:\My\MyProject\log-generate\log-generate)
2023-03-21 19:14:44,006 [REQ-UNQ-ID:] DEBUG com.lhu.loggenerate.LogGenerateApplication [main] Running with Spring Boot v2.7.8, Spring v5.3.25
2023-03-21 19:14:44,007 [REQ-UNQ-ID:] INFO com.lhu.loggenerate.LogGenerateApplication [main] No active profile set, falling back to 1 default profile: "default"
2023-03-21 19:14:45,977 [REQ-UNQ-ID:] INFO com.lhu.loggenerate.LogGenerateApplication [main] Started LogGenerateApplication in 2.374 seconds (JVM running for 2.884)
2023-03-21 19:14:51,249 [REQ-UNQ-ID:] INFO com.lhu.loggenerate.controller.AppController [http-nio-1111-exec-2] getTestOne Method Called...
2023-03-21 19:14:51,252 [REQ-UNQ-ID:] INFO com.lhu.loggenerate.controller.AppController [http-nio-1111-exec-2] Logger-Info
2023-03-21 19:14:51,253 [REQ-UNQ-ID:] ERROR com.lhu.loggenerate.controller.AppController [http-nio-1111-exec-2] Logger-error
2023-03-21 19:14:51,253 [REQ-UNQ-ID:] DEBUG com.lhu.loggenerate.controller.AppController [http-nio-1111-exec-2] Logger-debug
2023-03-21 19:14:51,253 [REQ-UNQ-ID:] WARN com.lhu.loggenerate.controller.AppController [http-nio-1111-exec-2] Logger-warn
2023-03-21 19:14:51,253 [REQ-UNQ-ID:] TRACE com.lhu.loggenerate.controller.AppController [http-nio-1111-exec-2] Logger-trace
2023-03-21 19:14:51,253 [REQ-UNQ-ID:] INFO com.lhu.loggenerate.controller.AppController [http-nio-1111-exec-2] Slf4j-Info
2023-03-21 19:14:51,253 [REQ-UNQ-ID:] ERROR com.lhu.loggenerate.controller.AppController [http-nio-1111-exec-2] Slf4j-error
2023-03-21 19:14:51,253 [REQ-UNQ-ID:] DEBUG com.lhu.loggenerate.controller.AppController [http-nio-1111-exec-2] Slf4j-debug
2023-03-21 19:14:51,253 [REQ-UNQ-ID:] WARN com.lhu.loggenerate.controller.AppController [http-nio-1111-exec-2] Slf4j-warn
2023-03-21 19:14:51,254 [REQ-UNQ-ID:] TRACE com.lhu.loggenerate.controller.AppController [http-nio-1111-exec-2] Slf4j-trace
2023-03-21 19:14:51,254 [REQ-UNQ-ID:] INFO com.lhu.loggenerate.service.AppService [http-nio-1111-exec-2] AppService.testOne Method Called
2023-03-21 19:15:03,619 [REQ-UNQ-ID:] INFO com.lhu.loggenerate.controller.AppController [http-nio-1111-exec-3] getTestTwo Method Called...
2023-03-21 19:15:03,626 [REQ-UNQ-ID:] ERROR org.apache.catalina.core.ContainerBase.[Tomcat].[localhost].[/].[dispatcherServlet] [http-nio-1111-exec-3] Servlet.service() for servlet [dispatcherServlet] in context with path [] threw exception [Request processing failed; nested exception is java.lang.ArithmeticException: / by zero] with root cause
java.lang.ArithmeticException: / by zero
	at com.lhu.loggenerate.controller.AppController.getTestTwo(AppController.java:46)
	at java.base/jdk.internal.reflect.NativeMethodAccessorImpl.invoke0(Native Method)
	at java.base/jdk.internal.reflect.NativeMethodAccessorImpl.invoke(NativeMethodAccessorImpl.java:62)
	at java.base/jdk.internal.reflect.DelegatingMethodAccessorImpl.invoke(DelegatingMethodAccessorImpl.java:43)
	at java.base/java.lang.reflect.Method.invoke(Method.java:566)
	at org.springframework.web.method.support.InvocableHandlerMethod.doInvoke(InvocableHandlerMethod.java:205)
	at org.springframework.web.method.support.InvocableHandlerMethod.invokeForRequest(InvocableHandlerMethod.java:150)
	at org.springframework.web.servlet.mvc.method.annotation.ServletInvocableHandlerMethod.invokeAndHandle(ServletInvocableHandlerMethod.java:117)
	at org.springframework.web.servlet.mvc.method.annotation.RequestMappingHandlerAdapter.invokeHandlerMethod(RequestMappingHandlerAdapter.java:895)
	at org.springframework.web.servlet.mvc.method.annotation.RequestMappingHandlerAdapter.handleInternal(RequestMappingHandlerAdapter.java:808)
	at org.springframework.web.servlet.mvc.method.AbstractHandlerMethodAdapter.handle(AbstractHandlerMethodAdapter.java:87)
	at org.springframework.web.servlet.DispatcherServlet.doDispatch(DispatcherServlet.java:1071)
	at org.springframework.web.servlet.DispatcherServlet.doService(DispatcherServlet.java:964)
	at org.springframework.web.servlet.FrameworkServlet.processRequest(FrameworkServlet.java:1006)
	at org.springframework.web.servlet.FrameworkServlet.doGet(FrameworkServlet.java:898)
	at javax.servlet.http.HttpServlet.service(HttpServlet.java:670)
	at org.springframework.web.servlet.FrameworkServlet.service(FrameworkServlet.java:883)
	at javax.servlet.http.HttpServlet.service(HttpServlet.java:779)
	at org.apache.catalina.core.ApplicationFilterChain.internalDoFilter(ApplicationFilterChain.java:227)
	at org.apache.catalina.core.ApplicationFilterChain.doFilter(ApplicationFilterChain.java:162)
	at org.apache.tomcat.websocket.server.WsFilter.doFilter(WsFilter.java:53)
	at org.apache.catalina.core.ApplicationFilterChain.internalDoFilter(ApplicationFilterChain.java:189)
	at org.apache.catalina.core.ApplicationFilterChain.doFilter(ApplicationFilterChain.java:162)
	at org.springframework.web.filter.RequestContextFilter.doFilterInternal(RequestContextFilter.java:100)
	at org.springframework.web.filter.OncePerRequestFilter.doFilter(OncePerRequestFilter.java:117)
	at org.apache.catalina.core.ApplicationFilterChain.internalDoFilter(ApplicationFilterChain.java:189)
	at org.apache.catalina.core.ApplicationFilterChain.doFilter(ApplicationFilterChain.java:162)
	at org.springframework.web.filter.FormContentFilter.doFilterInternal(FormContentFilter.java:93)
	at org.springframework.web.filter.OncePerRequestFilter.doFilter(OncePerRequestFilter.java:117)
	at org.apache.catalina.core.ApplicationFilterChain.internalDoFilter(ApplicationFilterChain.java:189)
	at org.apache.catalina.core.ApplicationFilterChain.doFilter(ApplicationFilterChain.java:162)
	at org.springframework.web.filter.CharacterEncodingFilter.doFilterInternal(CharacterEncodingFilter.java:201)
	at org.springframework.web.filter.OncePerRequestFilter.doFilter(OncePerRequestFilter.java:117)
	at org.apache.catalina.core.ApplicationFilterChain.internalDoFilter(ApplicationFilterChain.java:189)
	at org.apache.catalina.core.ApplicationFilterChain.doFilter(ApplicationFilterChain.java:162)
	at org.apache.catalina.core.StandardWrapperValve.invoke(StandardWrapperValve.java:177)
	at org.apache.catalina.core.StandardContextValve.invoke(StandardContextValve.java:97)
	at org.apache.catalina.authenticator.AuthenticatorBase.invoke(AuthenticatorBase.java:541)
	at org.apache.catalina.core.StandardHostValve.invoke(StandardHostValve.java:135)
	at org.apache.catalina.valves.ErrorReportValve.invoke(ErrorReportValve.java:92)
	at org.apache.catalina.core.StandardEngineValve.invoke(StandardEngineValve.java:78)
	at org.apache.catalina.connector.CoyoteAdapter.service(CoyoteAdapter.java:360)
	at org.apache.coyote.http11.Http11Processor.service(Http11Processor.java:399)
	at org.apache.coyote.AbstractProcessorLight.process(AbstractProcessorLight.java:65)
	at org.apache.coyote.AbstractProtocol$ConnectionHandler.process(AbstractProtocol.java:891)
	at org.apache.tomcat.util.net.NioEndpoint$SocketProcessor.doRun(NioEndpoint.java:1784)
	at org.apache.tomcat.util.net.SocketProcessorBase.run(SocketProcessorBase.java:49)
	at org.apache.tomcat.util.threads.ThreadPoolExecutor.runWorker(ThreadPoolExecutor.java:1191)
	at org.apache.tomcat.util.threads.ThreadPoolExecutor$Worker.run(ThreadPoolExecutor.java:659)
	at org.apache.tomcat.util.threads.TaskThread$WrappingRunnable.run(TaskThread.java:61)
	at java.base/java.lang.Thread.run(Thread.java:829)
2023-03-21 19:25:06,794 [REQ-UNQ-ID:] INFO com.lhu.loggenerate.LogGenerateApplication [main] Starting LogGenerateApplication using Java 11.0.13 on Lahiru-Priyankara with PID 28852 (E:\My\MyProject\log-generate\log-generate\target\classes started by LahiruPriyankara in E:\My\MyProject\log-generate\log-generate)
2023-03-21 19:25:06,797 [REQ-UNQ-ID:] DEBUG com.lhu.loggenerate.LogGenerateApplication [main] Running with Spring Boot v2.7.8, Spring v5.3.25
2023-03-21 19:25:06,798 [REQ-UNQ-ID:] INFO com.lhu.loggenerate.LogGenerateApplication [main] No active profile set, falling back to 1 default profile: "default"
